<?xml version="1.0" encoding="UTF-8"?>
<!-- Generated by org.testng.reporters.JUnitXMLReporter -->
<testsuite hostname="DESKTOP-7H4UJ6E" name="UserRegistration" tests="2" failures="0" timestamp="11 May 2018 00:23:22 GMT" time="31.876" errors="0">
  <testcase name="Register" time="0.438" classname="com.DataDriven.NewTours_UserRegistration_TestData"/>
  <testcase name="UserRegistration" time="18.144" classname="com.DataDriven.NewTours_UserRegistration_TestData"/>
</testsuite> <!-- UserRegistration -->
